{
  "RSpec": {
    "coverage": {
      "/home/luiz/Documents/raffle/app/jobs/check_pending_draws_job.rb": {
        "lines": [
          1,
          1,
          null,
          1,
          5,
          5,
          3,
          2,
          null,
          1,
          null,
          null,
          null,
          null,
          null,
          null,
          null
        ]
      },
      "/home/luiz/Documents/raffle/app/jobs/application_job.rb": {
        "lines": [
          1,
          null,
          null,
          null,
          null,
          null,
          null
        ]
      },
      "/home/luiz/Documents/raffle/app/models/draw.rb": {
        "lines": [
          1,
          1,
          null,
          1,
          null,
          1,
          1,
          null,
          3,
          3,
          null,
          1,
          10,
          null,
          null
        ]
      },
      "/home/luiz/Documents/raffle/app/models/application_record.rb": {
        "lines": [
          1,
          1,
          null,
          1,
          null
        ]
      },
      "/home/luiz/Documents/raffle/app/models/lottery_schedule.rb": {
        "lines": [
          1,
          1,
          1,
          null,
          1,
          1,
          null,
          8,
          null,
          1,
          4,
          null,
          null,
          1,
          6,
          5,
          null,
          null
        ]
      },
      "/home/luiz/Documents/raffle/app/models/lottery.rb": {
        "lines": [
          1,
          1,
          null,
          1,
          1,
          null,
          8,
          null
        ]
      },
      "/home/luiz/Documents/raffle/app/models/organization.rb": {
        "lines": [
          1,
          1,
          null,
          1,
          1,
          1,
          null,
          1,
          1,
          null,
          null,
          null,
          1,
          1,
          null,
          1,
          null,
          1,
          null,
          1,
          172,
          null,
          null
        ]
      },
      "/home/luiz/Documents/raffle/app/models/raffle_prize.rb": {
        "lines": [
          1,
          1,
          null,
          1,
          null,
          null,
          1,
          1,
          null,
          null
        ]
      },
      "/home/luiz/Documents/raffle/app/models/raffle.rb": {
        "lines": [
          1,
          1,
          null,
          1,
          1,
          1,
          1,
          null,
          1,
          null,
          1,
          1,
          null,
          1,
          null,
          null,
          null,
          null,
          null,
          null,
          1,
          null,
          null,
          null,
          null,
          null,
          null,
          1,
          1,
          1,
          1,
          1,
          null,
          1,
          1,
          1,
          null,
          4,
          null,
          1,
          16,
          null,
          null,
          1,
          32,
          null,
          null,
          1,
          null,
          1,
          92,
          null,
          90,
          null,
          null,
          1,
          25,
          6,
          null,
          2,
          null,
          null,
          1,
          117,
          117,
          null,
          null
        ]
      },
      "/home/luiz/Documents/raffle/app/models/user.rb": {
        "lines": [
          1,
          1,
          null,
          1,
          null,
          1,
          null,
          1,
          null,
          1,
          1,
          null,
          null,
          1,
          null,
          1,
          null,
          1,
          null,
          1,
          104,
          null,
          null
        ]
      },
      "/home/luiz/Documents/raffle/app/services/auth/login_user_service.rb": {
        "lines": [
          1,
          1,
          1,
          16,
          16,
          16,
          null,
          null,
          1,
          16,
          13,
          null,
          3,
          null,
          null,
          16,
          7,
          7,
          null,
          9,
          null,
          null,
          null,
          null
        ]
      },
      "/home/luiz/Documents/raffle/app/services/auth/register_user_service.rb": {
        "lines": [
          1,
          1,
          1,
          15,
          15,
          null,
          null,
          1,
          15,
          null,
          null,
          null,
          null,
          null,
          null,
          15,
          9,
          9,
          null,
          6,
          null,
          null,
          null,
          null
        ]
      },
      "/home/luiz/Documents/raffle/app/services/lottery_api/client.rb": {
        "lines": [
          1,
          1,
          null,
          1,
          1,
          1,
          null,
          1,
          4,
          null,
          null,
          1,
          1,
          null,
          null,
          1,
          2,
          2,
          null,
          null,
          1,
          null,
          1,
          7,
          null,
          7,
          7,
          7,
          7,
          null,
          7,
          7,
          7,
          null,
          7,
          null,
          6,
          null,
          1,
          null,
          0,
          null,
          null,
          1,
          7,
          7,
          7,
          null,
          null,
          1,
          6,
          null,
          4,
          null,
          1,
          null,
          0,
          null,
          0,
          null,
          1,
          null,
          0,
          null,
          null,
          null,
          null
        ]
      },
      "/home/luiz/Documents/raffle/app/services/lottery_api/fetch_draws_service.rb": {
        "lines": [
          1,
          1,
          1,
          9,
          9,
          9,
          null,
          null,
          1,
          9,
          9,
          null,
          9,
          17,
          17,
          17,
          null,
          16,
          null,
          null,
          null,
          null,
          16,
          16,
          16,
          null,
          16,
          null,
          null,
          9,
          null,
          null,
          1,
          null,
          1,
          16,
          null,
          24,
          null,
          null,
          null,
          null,
          null,
          null,
          null,
          null
        ]
      },
      "/home/luiz/Documents/raffle/app/services/lottery_api/sync_lotteries_service.rb": {
        "lines": [
          1,
          1,
          1,
          9,
          null,
          null,
          1,
          9,
          9,
          null,
          9,
          9,
          null,
          9,
          null,
          null,
          1,
          null,
          1,
          9,
          9,
          null,
          9,
          18,
          18,
          null,
          18,
          null,
          null,
          null,
          null,
          18,
          18,
          null,
          null,
          9,
          null,
          null,
          1,
          9,
          9,
          null,
          9,
          25,
          25,
          null,
          24,
          null,
          null,
          null,
          24,
          null,
          24,
          24,
          null,
          null,
          9,
          null,
          null,
          null
        ]
      },
      "/home/luiz/Documents/raffle/app/services/raffles/create_raffle_service.rb": {
        "lines": [
          1,
          1,
          1,
          15,
          15,
          null,
          null,
          1,
          15,
          null,
          15,
          7,
          null,
          8,
          null,
          null,
          null,
          1,
          null,
          1,
          15,
          null,
          null,
          null,
          null,
          null,
          null
        ]
      },
      "/home/luiz/Documents/raffle/app/services/raffles/transition_raffle_service.rb": {
        "lines": [
          1,
          1,
          1,
          19,
          19,
          null,
          null,
          1,
          19,
          11,
          null,
          null,
          null,
          null,
          null,
          null,
          8,
          8,
          null,
          0,
          null,
          null,
          null,
          null
        ]
      },
      "/home/luiz/Documents/raffle/app/services/raffles/update_raffle_service.rb": {
        "lines": [
          1,
          1,
          1,
          17,
          17,
          null,
          null,
          1,
          17,
          3,
          null,
          null,
          14,
          null,
          14,
          12,
          null,
          2,
          null,
          null,
          null,
          1,
          null,
          1,
          14,
          null,
          null,
          null,
          null,
          14,
          null,
          14,
          null,
          null,
          null
        ]
      },
      "/home/luiz/Documents/raffle/app/services/super_admin/create_organization_service.rb": {
        "lines": [
          1,
          1,
          1,
          11,
          null,
          null,
          1,
          11,
          null,
          null,
          null,
          null,
          null,
          null,
          null,
          null,
          11,
          5,
          null,
          6,
          null,
          null,
          null,
          null
        ]
      },
      "/home/luiz/Documents/raffle/app/jobs/fetch_draws_job.rb": {
        "lines": [
          1,
          1,
          null,
          1,
          0,
          0,
          null,
          null
        ]
      },
      "/home/luiz/Documents/raffle/app/models/ticket.rb": {
        "lines": [
          1,
          1,
          null,
          1,
          1,
          null,
          1,
          null,
          1,
          null,
          1,
          null
        ]
      },
      "/home/luiz/Documents/raffle/app/controllers/api/v1/auth_controller.rb": {
        "lines": [
          1,
          1,
          1,
          1,
          1,
          1,
          null,
          1,
          3,
          null,
          3,
          1,
          null,
          null,
          null,
          null,
          2,
          null,
          null,
          null,
          1,
          6,
          null,
          6,
          2,
          null,
          null,
          null,
          null,
          4,
          null,
          null,
          null,
          1,
          null,
          1,
          12,
          12,
          8,
          8,
          null,
          4,
          null,
          null,
          null,
          1,
          4,
          null,
          null,
          1,
          3,
          null,
          null,
          null,
          null
        ]
      },
      "/home/luiz/Documents/raffle/app/controllers/application_controller.rb": {
        "lines": [
          1,
          1,
          null,
          1,
          null,
          1,
          null,
          1,
          51,
          51,
          null,
          51,
          51,
          null,
          45,
          45,
          null,
          45,
          35,
          35,
          null,
          10,
          null,
          null,
          null,
          1,
          37,
          9,
          null,
          null,
          null,
          1,
          25,
          null,
          null,
          1,
          12,
          null,
          null,
          1,
          null,
          1,
          3,
          3,
          3,
          3,
          null,
          3,
          3,
          3,
          3,
          null,
          3,
          null,
          null
        ]
      },
      "/home/luiz/Documents/raffle/app/lib/json_web_token.rb": {
        "lines": [
          1,
          1,
          1,
          null,
          1,
          61,
          61,
          null,
          null,
          1,
          53,
          47,
          null,
          6,
          null,
          null
        ]
      },
      "/home/luiz/Documents/raffle/app/serializers/user_serializer.rb": {
        "lines": [
          1,
          1,
          null,
          1,
          null
        ]
      },
      "/home/luiz/Documents/raffle/app/services/image_processor.rb": {
        "lines": [
          1,
          1,
          1,
          1,
          null,
          null,
          null,
          1,
          0,
          null,
          null,
          1,
          0,
          null,
          null,
          1,
          0,
          null,
          null,
          null,
          null,
          null,
          0,
          null,
          null
        ]
      },
      "/home/luiz/Documents/raffle/app/controllers/api/v1/organizations_controller.rb": {
        "lines": [
          1,
          1,
          1,
          1,
          1,
          null,
          1,
          2,
          1,
          null,
          null,
          1,
          1,
          null,
          null,
          null,
          null,
          null,
          1,
          null,
          null,
          1,
          1,
          1,
          null,
          null,
          1,
          null,
          1,
          3,
          null,
          null,
          null,
          null
        ]
      },
      "/home/luiz/Documents/raffle/app/controllers/api/v1/raffles_controller.rb": {
        "lines": [
          1,
          1,
          1,
          1,
          null,
          1,
          2,
          1,
          null,
          1,
          null,
          null,
          2,
          2,
          4,
          null,
          null,
          null,
          null,
          1,
          1,
          null,
          null,
          1,
          5,
          5,
          null,
          4,
          null,
          4,
          2,
          null,
          null,
          2,
          null,
          null,
          null,
          1,
          6,
          6,
          null,
          5,
          null,
          5,
          4,
          null,
          1,
          null,
          null,
          null,
          1,
          3,
          3,
          null,
          2,
          1,
          1,
          null,
          null,
          1,
          1,
          null,
          null,
          1,
          3,
          3,
          null,
          2,
          2,
          null,
          null,
          1,
          3,
          3,
          null,
          2,
          2,
          null,
          null,
          1,
          null,
          1,
          21,
          null,
          5,
          null,
          null,
          1,
          9,
          null,
          null,
          null,
          null,
          null,
          1,
          4,
          2,
          null,
          2,
          null,
          null,
          null,
          null,
          null
        ]
      },
      "/home/luiz/Documents/raffle/app/serializers/raffle_serializer.rb": {
        "lines": [
          1,
          1,
          13,
          null,
          null,
          1,
          null,
          13,
          null,
          null,
          null,
          null,
          null,
          null,
          null,
          null,
          null,
          null,
          null,
          null,
          null,
          null,
          1,
          null,
          1,
          13,
          null,
          5,
          null,
          null,
          null,
          null,
          null,
          null,
          null
        ]
      },
      "/home/luiz/Documents/raffle/app/controllers/api/v1/super_admin/organizations_controller.rb": {
        "lines": [
          1,
          1,
          1,
          1,
          1,
          1,
          null,
          1,
          1,
          1,
          3,
          null,
          null,
          null,
          null,
          1,
          1,
          null,
          null,
          1,
          3,
          null,
          3,
          1,
          null,
          null,
          2,
          null,
          null,
          null,
          1,
          1,
          1,
          null,
          0,
          null,
          null,
          null,
          1,
          1,
          1,
          null,
          null,
          1,
          null,
          1,
          6,
          null,
          3,
          null,
          null,
          1,
          4,
          null,
          null,
          null,
          null,
          null
        ]
      },
      "/home/luiz/Documents/raffle/app/serializers/organization_serializer.rb": {
        "lines": [
          1,
          1,
          6,
          null,
          null,
          1,
          null,
          6,
          null,
          null,
          null,
          null,
          null,
          null,
          null,
          null,
          null,
          null,
          null
        ]
      },
      "/home/luiz/Documents/raffle/app/jobs/sync_lotteries_job.rb": {
        "lines": [
          0,
          0,
          null,
          0,
          0,
          0,
          0
        ],
        "branches": {}
      }
    },
    "timestamp": 1773343770
  }
}
